{"/Users/wangbinghua/github/lark-sdk/src/Constants.ts": {"path":"/Users/wangbinghua/github/lark-sdk/src/Constants.ts","statementMap":{"0":{"start":{"line":1,"column":16},"end":{"line":1,"column":50}},"1":{"start":{"line":3,"column":13},"end":{"line":3,"column":null}},"2":{"start":{"line":5,"column":13},"end":{"line":5,"column":null}},"3":{"start":{"line":8,"column":13},"end":{"line":8,"column":null}},"4":{"start":{"line":11,"column":13},"end":{"line":11,"column":null}},"5":{"start":{"line":14,"column":13},"end":{"line":14,"column":null}},"6":{"start":{"line":17,"column":13},"end":{"line":17,"column":null}},"7":{"start":{"line":19,"column":13},"end":{"line":19,"column":null}},"8":{"start":{"line":21,"column":13},"end":{"line":21,"column":null}},"9":{"start":{"line":23,"column":13},"end":{"line":23,"column":null}},"10":{"start":{"line":25,"column":13},"end":{"line":25,"column":null}},"11":{"start":{"line":27,"column":13},"end":{"line":27,"column":null}},"12":{"start":{"line":29,"column":13},"end":{"line":29,"column":null}},"13":{"start":{"line":31,"column":13},"end":{"line":31,"column":null}},"14":{"start":{"line":33,"column":13},"end":{"line":33,"column":null}},"15":{"start":{"line":35,"column":13},"end":{"line":35,"column":null}},"16":{"start":{"line":37,"column":13},"end":{"line":37,"column":null}},"17":{"start":{"line":39,"column":13},"end":{"line":39,"column":null}},"18":{"start":{"line":41,"column":13},"end":{"line":41,"column":null}},"19":{"start":{"line":43,"column":13},"end":{"line":43,"column":null}},"20":{"start":{"line":45,"column":13},"end":{"line":45,"column":null}},"21":{"start":{"line":47,"column":13},"end":{"line":47,"column":null}},"22":{"start":{"line":49,"column":13},"end":{"line":49,"column":null}},"23":{"start":{"line":51,"column":13},"end":{"line":51,"column":null}},"24":{"start":{"line":53,"column":13},"end":{"line":53,"column":null}},"25":{"start":{"line":55,"column":13},"end":{"line":55,"column":null}},"26":{"start":{"line":57,"column":13},"end":{"line":57,"column":null}},"27":{"start":{"line":59,"column":13},"end":{"line":59,"column":null}},"28":{"start":{"line":61,"column":13},"end":{"line":61,"column":null}},"29":{"start":{"line":63,"column":13},"end":{"line":63,"column":null}},"30":{"start":{"line":65,"column":13},"end":{"line":65,"column":null}},"31":{"start":{"line":67,"column":13},"end":{"line":67,"column":null}},"32":{"start":{"line":69,"column":13},"end":{"line":69,"column":null}},"33":{"start":{"line":71,"column":13},"end":{"line":71,"column":null}},"34":{"start":{"line":73,"column":13},"end":{"line":73,"column":null}},"35":{"start":{"line":75,"column":13},"end":{"line":75,"column":null}},"36":{"start":{"line":77,"column":13},"end":{"line":77,"column":null}},"37":{"start":{"line":79,"column":13},"end":{"line":79,"column":null}},"38":{"start":{"line":81,"column":13},"end":{"line":81,"column":null}},"39":{"start":{"line":83,"column":13},"end":{"line":83,"column":null}},"40":{"start":{"line":85,"column":13},"end":{"line":85,"column":null}},"41":{"start":{"line":87,"column":13},"end":{"line":87,"column":null}}},"fnMap":{},"branchMap":{},"s":{"0":1,"1":1,"2":1,"3":1,"4":1,"5":1,"6":1,"7":1,"8":1,"9":1,"10":1,"11":1,"12":1,"13":1,"14":1,"15":1,"16":1,"17":1,"18":1,"19":1,"20":1,"21":1,"22":1,"23":1,"24":1,"25":1,"26":1,"27":1,"28":1,"29":1,"30":1,"31":1,"32":1,"33":1,"34":1,"35":1,"36":1,"37":1,"38":1,"39":1,"40":1,"41":1},"f":{},"b":{}}
,"/Users/wangbinghua/github/lark-sdk/src/apis/Bot.ts": {"path":"/Users/wangbinghua/github/lark-sdk/src/apis/Bot.ts","statementMap":{"0":{"start":{"line":1,"column":0},"end":{"line":1,"column":44}},"1":{"start":{"line":3,"column":0},"end":{"line":3,"column":null}},"2":{"start":{"line":8,"column":0},"end":{"line":8,"column":42}},"3":{"start":{"line":17,"column":45},"end":{"line":17,"column":53}},"4":{"start":{"line":19,"column":2},"end":{"line":25,"column":null}},"5":{"start":{"line":20,"column":4},"end":{"line":24,"column":null}},"6":{"start":{"line":27,"column":19},"end":{"line":27,"column":69}},"7":{"start":{"line":29,"column":2},"end":{"line":29,"column":null}},"8":{"start":{"line":10,"column":0},"end":{"line":10,"column":7}},"9":{"start":{"line":41,"column":45},"end":{"line":41,"column":53}},"10":{"start":{"line":43,"column":2},"end":{"line":45,"column":null}},"11":{"start":{"line":44,"column":4},"end":{"line":44,"column":null}},"12":{"start":{"line":47,"column":19},"end":{"line":49,"column":4}},"13":{"start":{"line":51,"column":2},"end":{"line":51,"column":null}},"14":{"start":{"line":32,"column":0},"end":{"line":32,"column":7}},"15":{"start":{"line":63,"column":45},"end":{"line":63,"column":53}},"16":{"start":{"line":65,"column":2},"end":{"line":67,"column":null}},"17":{"start":{"line":66,"column":4},"end":{"line":66,"column":null}},"18":{"start":{"line":69,"column":19},"end":{"line":71,"column":4}},"19":{"start":{"line":73,"column":2},"end":{"line":73,"column":null}},"20":{"start":{"line":54,"column":0},"end":{"line":54,"column":7}}},"fnMap":{"0":{"name":"getBotInfo","decl":{"start":{"line":10,"column":22},"end":{"line":10,"column":32}},"loc":{"start":{"line":16,"column":1},"end":{"line":30,"column":1}}},"1":{"name":"addBotToChat","decl":{"start":{"line":32,"column":22},"end":{"line":32,"column":34}},"loc":{"start":{"line":40,"column":1},"end":{"line":52,"column":1}}},"2":{"name":"removeBotFromChat","decl":{"start":{"line":54,"column":22},"end":{"line":54,"column":39}},"loc":{"start":{"line":62,"column":1},"end":{"line":74,"column":1}}}},"branchMap":{"0":{"loc":{"start":{"line":19,"column":2},"end":{"line":25,"column":null}},"type":"if","locations":[{"start":{"line":19,"column":2},"end":{"line":25,"column":null}},{"start":{"line":19,"column":2},"end":{"line":25,"column":null}}]},"1":{"loc":{"start":{"line":43,"column":2},"end":{"line":45,"column":null}},"type":"if","locations":[{"start":{"line":43,"column":2},"end":{"line":45,"column":null}},{"start":{"line":43,"column":2},"end":{"line":45,"column":null}}]},"2":{"loc":{"start":{"line":65,"column":2},"end":{"line":67,"column":null}},"type":"if","locations":[{"start":{"line":65,"column":2},"end":{"line":67,"column":null}},{"start":{"line":65,"column":2},"end":{"line":67,"column":null}}]}},"s":{"0":1,"1":1,"2":1,"3":0,"4":0,"5":0,"6":0,"7":0,"8":1,"9":0,"10":0,"11":0,"12":0,"13":0,"14":1,"15":0,"16":0,"17":0,"18":0,"19":0,"20":1},"f":{"0":0,"1":0,"2":0},"b":{"0":[0,0],"1":[0,0],"2":[0,0]}}
,"/Users/wangbinghua/github/lark-sdk/src/apis/Chat.ts": {"path":"/Users/wangbinghua/github/lark-sdk/src/apis/Chat.ts","statementMap":{"0":{"start":{"line":1,"column":0},"end":{"line":1,"column":44}},"1":{"start":{"line":10,"column":0},"end":{"line":10,"column":null}},"2":{"start":{"line":19,"column":0},"end":{"line":19,"column":42}},"3":{"start":{"line":38,"column":45},"end":{"line":38,"column":60}},"4":{"start":{"line":40,"column":2},"end":{"line":42,"column":null}},"5":{"start":{"line":41,"column":4},"end":{"line":41,"column":null}},"6":{"start":{"line":44,"column":19},"end":{"line":58,"column":4}},"7":{"start":{"line":60,"column":2},"end":{"line":60,"column":null}},"8":{"start":{"line":62,"column":2},"end":{"line":62,"column":null}},"9":{"start":{"line":35,"column":0},"end":{"line":35,"column":7}},"10":{"start":{"line":76,"column":45},"end":{"line":76,"column":53}},"11":{"start":{"line":78,"column":2},"end":{"line":84,"column":null}},"12":{"start":{"line":79,"column":4},"end":{"line":83,"column":null}},"13":{"start":{"line":86,"column":19},"end":{"line":91,"column":4}},"14":{"start":{"line":93,"column":2},"end":{"line":93,"column":null}},"15":{"start":{"line":65,"column":0},"end":{"line":65,"column":7}},"16":{"start":{"line":105,"column":45},"end":{"line":105,"column":53}},"17":{"start":{"line":107,"column":2},"end":{"line":113,"column":null}},"18":{"start":{"line":108,"column":4},"end":{"line":112,"column":null}},"19":{"start":{"line":115,"column":19},"end":{"line":119,"column":4}},"20":{"start":{"line":121,"column":2},"end":{"line":121,"column":null}},"21":{"start":{"line":96,"column":0},"end":{"line":96,"column":7}},"22":{"start":{"line":149,"column":6},"end":{"line":149,"column":12}},"23":{"start":{"line":151,"column":45},"end":{"line":151,"column":53}},"24":{"start":{"line":153,"column":2},"end":{"line":155,"column":null}},"25":{"start":{"line":154,"column":4},"end":{"line":154,"column":null}},"26":{"start":{"line":157,"column":19},"end":{"line":167,"column":4}},"27":{"start":{"line":169,"column":2},"end":{"line":169,"column":null}},"28":{"start":{"line":124,"column":0},"end":{"line":124,"column":7}},"29":{"start":{"line":187,"column":45},"end":{"line":187,"column":53}},"30":{"start":{"line":189,"column":2},"end":{"line":191,"column":null}},"31":{"start":{"line":190,"column":4},"end":{"line":190,"column":null}},"32":{"start":{"line":193,"column":19},"end":{"line":199,"column":null}},"33":{"start":{"line":202,"column":2},"end":{"line":202,"column":null}},"34":{"start":{"line":180,"column":0},"end":{"line":180,"column":7}},"35":{"start":{"line":212,"column":45},"end":{"line":212,"column":53}},"36":{"start":{"line":214,"column":2},"end":{"line":216,"column":null}},"37":{"start":{"line":215,"column":4},"end":{"line":215,"column":null}},"38":{"start":{"line":218,"column":19},"end":{"line":224,"column":null}},"39":{"start":{"line":227,"column":2},"end":{"line":227,"column":null}},"40":{"start":{"line":205,"column":0},"end":{"line":205,"column":7}},"41":{"start":{"line":239,"column":45},"end":{"line":239,"column":53}},"42":{"start":{"line":241,"column":2},"end":{"line":243,"column":null}},"43":{"start":{"line":242,"column":4},"end":{"line":242,"column":null}},"44":{"start":{"line":245,"column":19},"end":{"line":247,"column":4}},"45":{"start":{"line":249,"column":2},"end":{"line":249,"column":null}},"46":{"start":{"line":230,"column":0},"end":{"line":230,"column":7}}},"fnMap":{"0":{"name":"createChat","decl":{"start":{"line":35,"column":22},"end":{"line":35,"column":32}},"loc":{"start":{"line":36,"column":26},"end":{"line":63,"column":1}}},"1":{"name":"getChatList","decl":{"start":{"line":65,"column":22},"end":{"line":65,"column":33}},"loc":{"start":{"line":75,"column":1},"end":{"line":94,"column":1}}},"2":{"name":"getChatInfo","decl":{"start":{"line":96,"column":22},"end":{"line":96,"column":33}},"loc":{"start":{"line":104,"column":1},"end":{"line":122,"column":1}}},"3":{"name":"updateChatInfo","decl":{"start":{"line":124,"column":22},"end":{"line":124,"column":36}},"loc":{"start":{"line":136,"column":1},"end":{"line":170,"column":1}}},"4":{"name":"addUserToChat","decl":{"start":{"line":180,"column":22},"end":{"line":180,"column":35}},"loc":{"start":{"line":186,"column":19},"end":{"line":203,"column":1}}},"5":{"name":"removeUserFromChat","decl":{"start":{"line":205,"column":22},"end":{"line":205,"column":40}},"loc":{"start":{"line":211,"column":19},"end":{"line":228,"column":1}}},"6":{"name":"discardChat","decl":{"start":{"line":230,"column":22},"end":{"line":230,"column":33}},"loc":{"start":{"line":238,"column":1},"end":{"line":250,"column":1}}}},"branchMap":{"0":{"loc":{"start":{"line":40,"column":2},"end":{"line":42,"column":null}},"type":"if","locations":[{"start":{"line":40,"column":2},"end":{"line":42,"column":null}},{"start":{"line":40,"column":2},"end":{"line":42,"column":null}}]},"1":{"loc":{"start":{"line":45,"column":10},"end":{"line":45,"column":21}},"type":"binary-expr","locations":[{"start":{"line":45,"column":10},"end":{"line":45,"column":21}},{"start":{"line":45,"column":25},"end":{"line":45,"column":27}}]},"2":{"loc":{"start":{"line":46,"column":17},"end":{"line":46,"column":35}},"type":"binary-expr","locations":[{"start":{"line":46,"column":17},"end":{"line":46,"column":35}},{"start":{"line":46,"column":39},"end":{"line":46,"column":41}}]},"3":{"loc":{"start":{"line":49,"column":42},"end":{"line":49,"column":47}},"type":"cond-expr","locations":[{"start":{"line":49,"column":42},"end":{"line":49,"column":47}},{"start":{"line":49,"column":50},"end":{"line":49,"column":69}}]},"4":{"loc":{"start":{"line":51,"column":42},"end":{"line":51,"column":46}},"type":"cond-expr","locations":[{"start":{"line":51,"column":42},"end":{"line":51,"column":46}},{"start":{"line":51,"column":49},"end":{"line":51,"column":68}}]},"5":{"loc":{"start":{"line":53,"column":44},"end":{"line":53,"column":49}},"type":"cond-expr","locations":[{"start":{"line":53,"column":44},"end":{"line":53,"column":49}},{"start":{"line":53,"column":52},"end":{"line":53,"column":73}}]},"6":{"loc":{"start":{"line":55,"column":43},"end":{"line":55,"column":48}},"type":"cond-expr","locations":[{"start":{"line":55,"column":43},"end":{"line":55,"column":48}},{"start":{"line":55,"column":51},"end":{"line":55,"column":71}}]},"7":{"loc":{"start":{"line":78,"column":2},"end":{"line":84,"column":null}},"type":"if","locations":[{"start":{"line":78,"column":2},"end":{"line":84,"column":null}},{"start":{"line":78,"column":2},"end":{"line":84,"column":null}}]},"8":{"loc":{"start":{"line":107,"column":2},"end":{"line":113,"column":null}},"type":"if","locations":[{"start":{"line":107,"column":2},"end":{"line":113,"column":null}},{"start":{"line":107,"column":2},"end":{"line":113,"column":null}}]},"9":{"loc":{"start":{"line":145,"column":19},"end":{"line":145,"column":24}},"type":"default-arg","locations":[{"start":{"line":145,"column":19},"end":{"line":145,"column":24}}]},"10":{"loc":{"start":{"line":146,"column":19},"end":{"line":146,"column":23}},"type":"default-arg","locations":[{"start":{"line":146,"column":19},"end":{"line":146,"column":23}}]},"11":{"loc":{"start":{"line":147,"column":21},"end":{"line":147,"column":26}},"type":"default-arg","locations":[{"start":{"line":147,"column":21},"end":{"line":147,"column":26}}]},"12":{"loc":{"start":{"line":148,"column":20},"end":{"line":148,"column":25}},"type":"default-arg","locations":[{"start":{"line":148,"column":20},"end":{"line":148,"column":25}}]},"13":{"loc":{"start":{"line":153,"column":2},"end":{"line":155,"column":null}},"type":"if","locations":[{"start":{"line":153,"column":2},"end":{"line":155,"column":null}},{"start":{"line":153,"column":2},"end":{"line":155,"column":null}}]},"14":{"loc":{"start":{"line":189,"column":2},"end":{"line":191,"column":null}},"type":"if","locations":[{"start":{"line":189,"column":2},"end":{"line":191,"column":null}},{"start":{"line":189,"column":2},"end":{"line":191,"column":null}}]},"15":{"loc":{"start":{"line":214,"column":2},"end":{"line":216,"column":null}},"type":"if","locations":[{"start":{"line":214,"column":2},"end":{"line":216,"column":null}},{"start":{"line":214,"column":2},"end":{"line":216,"column":null}}]},"16":{"loc":{"start":{"line":241,"column":2},"end":{"line":243,"column":null}},"type":"if","locations":[{"start":{"line":241,"column":2},"end":{"line":243,"column":null}},{"start":{"line":241,"column":2},"end":{"line":243,"column":null}}]}},"s":{"0":1,"1":1,"2":1,"3":1,"4":1,"5":1,"6":1,"7":1,"8":1,"9":1,"10":0,"11":0,"12":0,"13":0,"14":0,"15":1,"16":0,"17":0,"18":0,"19":0,"20":0,"21":1,"22":0,"23":0,"24":0,"25":0,"26":0,"27":0,"28":1,"29":0,"30":0,"31":0,"32":0,"33":0,"34":1,"35":0,"36":0,"37":0,"38":0,"39":0,"40":1,"41":0,"42":0,"43":0,"44":0,"45":0,"46":1},"f":{"0":1,"1":0,"2":0,"3":0,"4":0,"5":0,"6":0},"b":{"0":[1,0],"1":[1,0],"2":[1,1],"3":[1,0],"4":[1,0],"5":[1,0],"6":[1,0],"7":[0,0],"8":[0,0],"9":[0],"10":[0],"11":[0],"12":[0],"13":[0,0],"14":[0,0],"15":[0,0],"16":[0,0]}}
,"/Users/wangbinghua/github/lark-sdk/src/apis/OAuth.ts": {"path":"/Users/wangbinghua/github/lark-sdk/src/apis/OAuth.ts","statementMap":{"0":{"start":{"line":1,"column":0},"end":{"line":1,"column":44}},"1":{"start":{"line":2,"column":0},"end":{"line":2,"column":null}},"2":{"start":{"line":33,"column":45},"end":{"line":33,"column":53}},"3":{"start":{"line":35,"column":2},"end":{"line":41,"column":null}},"4":{"start":{"line":36,"column":4},"end":{"line":40,"column":null}},"5":{"start":{"line":43,"column":19},"end":{"line":48,"column":null}},"6":{"start":{"line":51,"column":2},"end":{"line":51,"column":null}},"7":{"start":{"line":24,"column":0},"end":{"line":24,"column":7}},"8":{"start":{"line":63,"column":45},"end":{"line":63,"column":53}},"9":{"start":{"line":65,"column":2},"end":{"line":71,"column":null}},"10":{"start":{"line":66,"column":4},"end":{"line":70,"column":null}},"11":{"start":{"line":73,"column":19},"end":{"line":78,"column":null}},"12":{"start":{"line":81,"column":2},"end":{"line":81,"column":null}},"13":{"start":{"line":54,"column":0},"end":{"line":54,"column":7}},"14":{"start":{"line":93,"column":45},"end":{"line":93,"column":53}},"15":{"start":{"line":95,"column":2},"end":{"line":101,"column":null}},"16":{"start":{"line":96,"column":4},"end":{"line":100,"column":null}},"17":{"start":{"line":103,"column":19},"end":{"line":106,"column":4}},"18":{"start":{"line":108,"column":2},"end":{"line":108,"column":null}},"19":{"start":{"line":84,"column":0},"end":{"line":84,"column":7}},"20":{"start":{"line":123,"column":45},"end":{"line":123,"column":53}},"21":{"start":{"line":125,"column":2},"end":{"line":127,"column":null}},"22":{"start":{"line":126,"column":4},"end":{"line":126,"column":null}},"23":{"start":{"line":129,"column":19},"end":{"line":135,"column":4}},"24":{"start":{"line":137,"column":2},"end":{"line":137,"column":null}},"25":{"start":{"line":112,"column":0},"end":{"line":112,"column":7}},"26":{"start":{"line":150,"column":45},"end":{"line":150,"column":53}},"27":{"start":{"line":152,"column":2},"end":{"line":158,"column":null}},"28":{"start":{"line":153,"column":4},"end":{"line":157,"column":null}},"29":{"start":{"line":160,"column":19},"end":{"line":166,"column":null}},"30":{"start":{"line":169,"column":2},"end":{"line":169,"column":null}},"31":{"start":{"line":141,"column":0},"end":{"line":141,"column":7}},"32":{"start":{"line":182,"column":45},"end":{"line":182,"column":53}},"33":{"start":{"line":184,"column":2},"end":{"line":190,"column":null}},"34":{"start":{"line":185,"column":4},"end":{"line":189,"column":null}},"35":{"start":{"line":192,"column":19},"end":{"line":198,"column":null}},"36":{"start":{"line":201,"column":2},"end":{"line":201,"column":null}},"37":{"start":{"line":173,"column":0},"end":{"line":173,"column":7}},"38":{"start":{"line":212,"column":45},"end":{"line":212,"column":53}},"39":{"start":{"line":214,"column":2},"end":{"line":221,"column":null}},"40":{"start":{"line":215,"column":4},"end":{"line":220,"column":null}},"41":{"start":{"line":223,"column":19},"end":{"line":227,"column":4}},"42":{"start":{"line":229,"column":2},"end":{"line":229,"column":null}},"43":{"start":{"line":205,"column":0},"end":{"line":205,"column":7}}},"fnMap":{"0":{"name":"getAppAccessToken","decl":{"start":{"line":24,"column":22},"end":{"line":24,"column":39}},"loc":{"start":{"line":32,"column":1},"end":{"line":52,"column":1}}},"1":{"name":"getTenantAccessToken","decl":{"start":{"line":54,"column":22},"end":{"line":54,"column":42}},"loc":{"start":{"line":62,"column":1},"end":{"line":82,"column":1}}},"2":{"name":"getAppTicket","decl":{"start":{"line":84,"column":22},"end":{"line":84,"column":34}},"loc":{"start":{"line":92,"column":1},"end":{"line":109,"column":1}}},"3":{"name":"getAuth","decl":{"start":{"line":112,"column":22},"end":{"line":112,"column":29}},"loc":{"start":{"line":122,"column":1},"end":{"line":138,"column":1}}},"4":{"name":"getUserAccessToken","decl":{"start":{"line":141,"column":22},"end":{"line":141,"column":40}},"loc":{"start":{"line":149,"column":1},"end":{"line":170,"column":1}}},"5":{"name":"refreshUserAccessToken","decl":{"start":{"line":173,"column":22},"end":{"line":173,"column":44}},"loc":{"start":{"line":181,"column":1},"end":{"line":202,"column":1}}},"6":{"name":"getUserInfo","decl":{"start":{"line":205,"column":22},"end":{"line":205,"column":33}},"loc":{"start":{"line":211,"column":1},"end":{"line":230,"column":1}}}},"branchMap":{"0":{"loc":{"start":{"line":35,"column":2},"end":{"line":41,"column":null}},"type":"if","locations":[{"start":{"line":35,"column":2},"end":{"line":41,"column":null}},{"start":{"line":35,"column":2},"end":{"line":41,"column":null}}]},"1":{"loc":{"start":{"line":65,"column":2},"end":{"line":71,"column":null}},"type":"if","locations":[{"start":{"line":65,"column":2},"end":{"line":71,"column":null}},{"start":{"line":65,"column":2},"end":{"line":71,"column":null}}]},"2":{"loc":{"start":{"line":95,"column":2},"end":{"line":101,"column":null}},"type":"if","locations":[{"start":{"line":95,"column":2},"end":{"line":101,"column":null}},{"start":{"line":95,"column":2},"end":{"line":101,"column":null}}]},"3":{"loc":{"start":{"line":125,"column":2},"end":{"line":127,"column":null}},"type":"if","locations":[{"start":{"line":125,"column":2},"end":{"line":127,"column":null}},{"start":{"line":125,"column":2},"end":{"line":127,"column":null}}]},"4":{"loc":{"start":{"line":152,"column":2},"end":{"line":158,"column":null}},"type":"if","locations":[{"start":{"line":152,"column":2},"end":{"line":158,"column":null}},{"start":{"line":152,"column":2},"end":{"line":158,"column":null}}]},"5":{"loc":{"start":{"line":184,"column":2},"end":{"line":190,"column":null}},"type":"if","locations":[{"start":{"line":184,"column":2},"end":{"line":190,"column":null}},{"start":{"line":184,"column":2},"end":{"line":190,"column":null}}]},"6":{"loc":{"start":{"line":214,"column":2},"end":{"line":221,"column":null}},"type":"if","locations":[{"start":{"line":214,"column":2},"end":{"line":221,"column":null}},{"start":{"line":214,"column":2},"end":{"line":221,"column":null}}]}},"s":{"0":1,"1":1,"2":0,"3":0,"4":0,"5":0,"6":0,"7":1,"8":2,"9":2,"10":2,"11":2,"12":2,"13":1,"14":0,"15":0,"16":0,"17":0,"18":0,"19":1,"20":0,"21":0,"22":0,"23":0,"24":0,"25":1,"26":0,"27":0,"28":0,"29":0,"30":0,"31":1,"32":0,"33":0,"34":0,"35":0,"36":0,"37":1,"38":0,"39":0,"40":0,"41":0,"42":0,"43":1},"f":{"0":0,"1":2,"2":0,"3":0,"4":0,"5":0,"6":0},"b":{"0":[0,0],"1":[2,0],"2":[0,0],"3":[0,0],"4":[0,0],"5":[0,0],"6":[0,0]}}
,"/Users/wangbinghua/github/lark-sdk/src/utils/headers.ts": {"path":"/Users/wangbinghua/github/lark-sdk/src/utils/headers.ts","statementMap":{"0":{"start":{"line":1,"column":13},"end":{"line":19,"column":null}},"1":{"start":{"line":9,"column":6},"end":{"line":11,"column":null}},"2":{"start":{"line":13,"column":2},"end":{"line":16,"column":null}},"3":{"start":{"line":14,"column":4},"end":{"line":14,"column":null}},"4":{"start":{"line":15,"column":4},"end":{"line":15,"column":null}},"5":{"start":{"line":18,"column":2},"end":{"line":18,"column":null}},"6":{"start":{"line":21,"column":0},"end":{"line":21,"column":null}}},"fnMap":{"0":{"name":"(anonymous_0)","decl":{"start":{"line":1,"column":23},"end":{"line":1,"column":null}},"loc":{"start":{"line":6,"column":4},"end":{"line":19,"column":1}}}},"branchMap":{"0":{"loc":{"start":{"line":3,"column":16},"end":{"line":3,"column":20}},"type":"default-arg","locations":[{"start":{"line":3,"column":16},"end":{"line":3,"column":20}}]},"1":{"loc":{"start":{"line":13,"column":2},"end":{"line":16,"column":null}},"type":"if","locations":[{"start":{"line":13,"column":2},"end":{"line":16,"column":null}},{"start":{"line":13,"column":2},"end":{"line":16,"column":null}}]}},"s":{"0":1,"1":1,"2":1,"3":1,"4":1,"5":0,"6":1},"f":{"0":1},"b":{"0":[1],"1":[1,0]}}
}
