{"total": {"lines":{"total":577,"covered":360,"skipped":0,"pct":62.39},"statements":{"total":579,"covered":362,"skipped":0,"pct":62.52},"functions":{"total":93,"covered":47,"skipped":0,"pct":50.54},"branches":{"total":181,"covered":71,"skipped":0,"pct":39.23}}
,"/Users/wangbinghua/github/lark-sdk/src/Bot.ts": {"lines":{"total":17,"covered":16,"skipped":0,"pct":94.12},"functions":{"total":3,"covered":3,"skipped":0,"pct":100},"statements":{"total":17,"covered":16,"skipped":0,"pct":94.12},"branches":{"total":0,"covered":0,"skipped":0,"pct":100}}
,"/Users/wangbinghua/github/lark-sdk/src/Botable.ts": {"lines":{"total":39,"covered":8,"skipped":0,"pct":20.51},"functions":{"total":11,"covered":1,"skipped":0,"pct":9.09},"statements":{"total":39,"covered":8,"skipped":0,"pct":20.51},"branches":{"total":11,"covered":0,"skipped":0,"pct":0}}
,"/Users/wangbinghua/github/lark-sdk/src/Cache.ts": {"lines":{"total":63,"covered":41,"skipped":0,"pct":65.08},"functions":{"total":14,"covered":10,"skipped":0,"pct":71.43},"statements":{"total":63,"covered":41,"skipped":0,"pct":65.08},"branches":{"total":32,"covered":14,"skipped":0,"pct":43.75}}
,"/Users/wangbinghua/github/lark-sdk/src/Constants.ts": {"lines":{"total":42,"covered":42,"skipped":0,"pct":100},"functions":{"total":0,"covered":0,"skipped":0,"pct":100},"statements":{"total":42,"covered":42,"skipped":0,"pct":100},"branches":{"total":0,"covered":0,"skipped":0,"pct":100}}
,"/Users/wangbinghua/github/lark-sdk/src/apis/Bot.ts": {"lines":{"total":21,"covered":11,"skipped":0,"pct":52.38},"functions":{"total":3,"covered":1,"skipped":0,"pct":33.33},"statements":{"total":21,"covered":11,"skipped":0,"pct":52.38},"branches":{"total":6,"covered":2,"skipped":0,"pct":33.33}}
,"/Users/wangbinghua/github/lark-sdk/src/apis/Callback.ts": {"lines":{"total":17,"covered":17,"skipped":0,"pct":100},"functions":{"total":3,"covered":3,"skipped":0,"pct":100},"statements":{"total":17,"covered":17,"skipped":0,"pct":100},"branches":{"total":0,"covered":0,"skipped":0,"pct":100}}
,"/Users/wangbinghua/github/lark-sdk/src/apis/Chat.ts": {"lines":{"total":46,"covered":15,"skipped":0,"pct":32.61},"functions":{"total":7,"covered":1,"skipped":0,"pct":14.29},"statements":{"total":46,"covered":15,"skipped":0,"pct":32.61},"branches":{"total":30,"covered":8,"skipped":0,"pct":26.67}}
,"/Users/wangbinghua/github/lark-sdk/src/apis/Id2Id.ts": {"lines":{"total":63,"covered":23,"skipped":0,"pct":36.51},"functions":{"total":11,"covered":3,"skipped":0,"pct":27.27},"statements":{"total":64,"covered":24,"skipped":0,"pct":37.5},"branches":{"total":20,"covered":2,"skipped":0,"pct":10}}
,"/Users/wangbinghua/github/lark-sdk/src/apis/Image.ts": {"lines":{"total":28,"covered":27,"skipped":0,"pct":96.43},"functions":{"total":4,"covered":4,"skipped":0,"pct":100},"statements":{"total":29,"covered":28,"skipped":0,"pct":96.55},"branches":{"total":6,"covered":4,"skipped":0,"pct":66.67}}
,"/Users/wangbinghua/github/lark-sdk/src/apis/Message.ts": {"lines":{"total":69,"covered":19,"skipped":0,"pct":27.54},"functions":{"total":11,"covered":1,"skipped":0,"pct":9.09},"statements":{"total":69,"covered":19,"skipped":0,"pct":27.54},"branches":{"total":23,"covered":2,"skipped":0,"pct":8.7}}
,"/Users/wangbinghua/github/lark-sdk/src/apis/OAuth.ts": {"lines":{"total":44,"covered":14,"skipped":0,"pct":31.82},"functions":{"total":7,"covered":1,"skipped":0,"pct":14.29},"statements":{"total":44,"covered":14,"skipped":0,"pct":31.82},"branches":{"total":14,"covered":1,"skipped":0,"pct":7.14}}
,"/Users/wangbinghua/github/lark-sdk/src/apis/User.ts": {"lines":{"total":20,"covered":20,"skipped":0,"pct":100},"functions":{"total":3,"covered":3,"skipped":0,"pct":100},"statements":{"total":20,"covered":20,"skipped":0,"pct":100},"branches":{"total":6,"covered":6,"skipped":0,"pct":100}}
,"/Users/wangbinghua/github/lark-sdk/src/types/Enum.ts": {"lines":{"total":101,"covered":101,"skipped":0,"pct":100},"functions":{"total":15,"covered":15,"skipped":0,"pct":100},"statements":{"total":101,"covered":101,"skipped":0,"pct":100},"branches":{"total":30,"covered":30,"skipped":0,"pct":100}}
,"/Users/wangbinghua/github/lark-sdk/src/utils/headers.ts": {"lines":{"total":7,"covered":6,"skipped":0,"pct":85.71},"functions":{"total":1,"covered":1,"skipped":0,"pct":100},"statements":{"total":7,"covered":6,"skipped":0,"pct":85.71},"branches":{"total":3,"covered":2,"skipped":0,"pct":66.67}}
}
