TN:
SF:src/Bot.ts
FN:14,(anonymous_0)
FN:18,(anonymous_1)
FN:40,(anonymous_2)
FNF:3
FNH:3
FNDA:1,(anonymous_0)
FNDA:1,(anonymous_1)
FNDA:1,(anonymous_2)
DA:1,1
DA:2,1
DA:3,1
DA:4,1
DA:5,1
DA:7,1
DA:9,1
DA:15,1
DA:19,1
DA:20,1
DA:25,1
DA:27,1
DA:29,1
DA:31,1
DA:34,0
DA:36,1
DA:41,1
LF:17
LH:16
BRF:0
BRH:0
end_of_record
TN:
SF:src/Botable.ts
FN:57,(anonymous_0)
FN:65,(anonymous_1)
FN:71,(anonymous_2)
FN:83,(anonymous_3)
FN:95,(anonymous_4)
FN:107,(anonymous_5)
FN:117,(anonymous_6)
FN:127,(anonymous_7)
FN:139,(anonymous_8)
FN:153,(anonymous_9)
FN:187,(anonymous_10)
FNF:11
FNH:1
FNDA:1,(anonymous_0)
FNDA:0,(anonymous_1)
FNDA:0,(anonymous_2)
FNDA:0,(anonymous_3)
FNDA:0,(anonymous_4)
FNDA:0,(anonymous_5)
FNDA:0,(anonymous_6)
FNDA:0,(anonymous_7)
FNDA:0,(anonymous_8)
FNDA:0,(anonymous_9)
FNDA:0,(anonymous_10)
DA:1,1
DA:18,1
DA:19,1
DA:46,1
DA:55,1
DA:58,1
DA:59,1
DA:60,1
DA:66,0
DA:67,0
DA:74,0
DA:76,0
DA:86,0
DA:88,0
DA:98,0
DA:100,0
DA:108,0
DA:110,0
DA:118,0
DA:120,0
DA:130,0
DA:132,0
DA:144,0
DA:146,0
DA:156,0
DA:158,0
DA:188,0
DA:190,0
DA:194,0
DA:196,0
DA:200,0
DA:203,0
DA:207,0
DA:209,0
DA:213,0
DA:217,0
DA:224,0
DA:227,0
DA:230,0
LF:39
LH:8
BRDA:66,0,0,0
BRDA:66,0,1,0
BRDA:189,1,0,0
BRDA:189,1,1,0
BRDA:189,1,2,0
BRDA:189,1,3,0
BRDA:189,1,4,0
BRDA:189,1,5,0
BRDA:189,1,6,0
BRDA:189,1,7,0
BRDA:189,1,8,0
BRF:11
BRH:0
end_of_record
TN:
SF:src/Cache.ts
FN:13,(anonymous_0)
FN:20,(anonymous_1)
FN:24,(anonymous_2)
FN:28,(anonymous_3)
FN:35,(anonymous_4)
FN:39,(anonymous_5)
FN:43,(anonymous_6)
FN:56,(anonymous_7)
FN:62,(anonymous_8)
FN:79,(anonymous_9)
FN:93,(anonymous_10)
FN:106,(anonymous_11)
FN:119,(anonymous_12)
FN:138,(anonymous_13)
FNF:14
FNH:10
FNDA:2,(anonymous_0)
FNDA:0,(anonymous_1)
FNDA:10,(anonymous_2)
FNDA:0,(anonymous_3)
FNDA:0,(anonymous_4)
FNDA:11,(anonymous_5)
FNDA:10,(anonymous_6)
FNDA:1,(anonymous_7)
FNDA:11,(anonymous_8)
FNDA:11,(anonymous_9)
FNDA:11,(anonymous_10)
FNDA:0,(anonymous_11)
FNDA:11,(anonymous_12)
FNDA:10,(anonymous_13)
DA:1,2
DA:2,2
DA:4,2
DA:14,2
DA:15,2
DA:16,2
DA:17,2
DA:21,0
DA:25,10
DA:29,0
DA:30,0
DA:31,0
DA:36,0
DA:40,11
DA:44,10
DA:45,10
DA:46,10
DA:47,0
DA:50,10
DA:53,0
DA:57,1
DA:58,1
DA:63,11
DA:64,11
DA:67,11
DA:68,11
DA:71,11
DA:72,11
DA:74,11
DA:75,11
DA:80,11
DA:82,11
DA:83,0
DA:86,11
DA:87,0
DA:90,11
DA:94,11
DA:96,11
DA:97,11
DA:100,0
DA:101,0
DA:103,0
DA:107,0
DA:108,0
DA:110,0
DA:111,0
DA:112,0
DA:113,0
DA:116,0
DA:120,11
DA:122,11
DA:123,2
DA:126,9
DA:128,9
DA:129,45
DA:130,0
DA:131,0
DA:135,9
DA:139,10
DA:140,10
DA:143,10
DA:144,10
DA:147,0
LF:63
LH:41
BRDA:13,0,0,0
BRDA:13,1,0,0
BRDA:44,2,0,10
BRDA:44,2,1,0
BRDA:46,3,0,0
BRDA:46,3,1,10
BRDA:57,4,0,1
BRDA:57,4,1,0
BRDA:63,5,0,11
BRDA:63,5,1,0
BRDA:67,6,0,11
BRDA:67,6,1,0
BRDA:74,7,0,11
BRDA:74,7,1,0
BRDA:82,8,0,0
BRDA:82,8,1,11
BRDA:86,9,0,0
BRDA:86,9,1,11
BRDA:87,10,0,0
BRDA:87,10,1,0
BRDA:96,11,0,11
BRDA:96,11,1,0
BRDA:110,12,0,0
BRDA:110,12,1,0
BRDA:122,13,0,2
BRDA:122,13,1,9
BRDA:129,14,0,0
BRDA:129,14,1,45
BRDA:139,15,0,10
BRDA:139,15,1,0
BRDA:143,16,0,10
BRDA:143,16,1,0
BRF:32
BRH:14
end_of_record
TN:
SF:src/Constants.ts
FNF:0
FNH:0
DA:1,8
DA:4,8
DA:7,8
DA:11,8
DA:15,8
DA:19,8
DA:23,8
DA:26,8
DA:29,8
DA:32,8
DA:35,8
DA:38,8
DA:41,8
DA:44,8
DA:47,8
DA:50,8
DA:53,8
DA:56,8
DA:59,8
DA:62,8
DA:65,8
DA:68,8
DA:71,8
DA:74,8
DA:77,8
DA:80,8
DA:83,8
DA:86,8
DA:89,8
DA:92,8
DA:95,8
DA:98,8
DA:101,8
DA:104,8
DA:107,8
DA:110,8
DA:113,8
DA:116,8
DA:119,8
DA:122,8
DA:125,8
DA:128,8
LF:42
LH:42
BRF:0
BRH:0
end_of_record
TN:
SF:src/apis/Bot.ts
FN:41,getBotInfo
FN:85,addBotToChat
FN:130,removeBotFromChat
FNF:3
FNH:1
FNDA:2,getBotInfo
FNDA:0,addBotToChat
FNDA:0,removeBotFromChat
DA:11,1
DA:13,1
DA:18,1
DA:41,1
DA:48,2
DA:50,2
DA:51,1
DA:58,2
DA:60,2
DA:85,1
DA:94,0
DA:96,0
DA:97,0
DA:100,0
DA:104,0
DA:130,1
DA:139,0
DA:141,0
DA:142,0
DA:145,0
DA:149,0
LF:21
LH:11
BRDA:50,0,0,1
BRDA:50,0,1,1
BRDA:96,1,0,0
BRDA:96,1,1,0
BRDA:141,2,0,0
BRDA:141,2,1,0
BRF:6
BRH:2
end_of_record
TN:
SF:src/apis/Callback.ts
FN:13,(anonymous_0)
FN:18,(anonymous_1)
FN:29,(anonymous_2)
FNF:3
FNH:3
FNDA:2,(anonymous_0)
FNDA:2,(anonymous_1)
FNDA:1,(anonymous_2)
DA:1,1
DA:8,1
DA:10,1
DA:14,2
DA:15,2
DA:19,2
DA:21,2
DA:22,2
DA:24,2
DA:25,2
DA:26,2
DA:30,1
DA:31,1
DA:33,1
DA:34,1
DA:35,1
DA:37,1
LF:17
LH:17
BRF:0
BRH:0
end_of_record
TN:
SF:src/apis/Chat.ts
FN:35,createChat
FN:63,getChatList
FN:94,getChatInfo
FN:122,updateChatInfo
FN:178,addUserToChat
FN:203,removeUserFromChat
FN:228,discardChat
FNF:7
FNH:1
FNDA:4,createChat
FNDA:0,getChatList
FNDA:0,getChatInfo
FNDA:0,updateChatInfo
FNDA:0,addUserToChat
FNDA:0,removeUserFromChat
FNDA:0,discardChat
DA:1,2
DA:10,2
DA:19,2
DA:35,2
DA:38,4
DA:40,4
DA:41,4
DA:44,4
DA:60,4
DA:63,2
DA:74,0
DA:76,0
DA:77,0
DA:84,0
DA:91,0
DA:94,2
DA:103,0
DA:105,0
DA:106,0
DA:113,0
DA:119,0
DA:122,2
DA:147,0
DA:149,0
DA:151,0
DA:152,0
DA:155,0
DA:167,0
DA:178,2
DA:185,0
DA:187,0
DA:188,0
DA:191,0
DA:200,0
DA:203,2
DA:210,0
DA:212,0
DA:213,0
DA:216,0
DA:225,0
DA:228,2
DA:237,0
DA:239,0
DA:240,0
DA:243,0
DA:247,0
LF:46
LH:15
BRDA:40,0,0,4
BRDA:40,0,1,0
BRDA:45,1,0,4
BRDA:45,1,1,0
BRDA:46,2,0,4
BRDA:46,2,1,4
BRDA:49,3,0,4
BRDA:49,3,1,0
BRDA:51,4,0,4
BRDA:51,4,1,0
BRDA:53,5,0,4
BRDA:53,5,1,0
BRDA:55,6,0,4
BRDA:55,6,1,0
BRDA:76,7,0,0
BRDA:76,7,1,0
BRDA:105,8,0,0
BRDA:105,8,1,0
BRDA:143,9,0,0
BRDA:144,10,0,0
BRDA:145,11,0,0
BRDA:146,12,0,0
BRDA:151,13,0,0
BRDA:151,13,1,0
BRDA:187,14,0,0
BRDA:187,14,1,0
BRDA:212,15,0,0
BRDA:212,15,1,0
BRDA:239,16,0,0
BRDA:239,16,1,0
BRF:30
BRH:8
end_of_record
TN:
SF:src/apis/Id2Id.ts
FN:27,(anonymous_0)
FN:34,openId2LarkId
FN:59,larkId2OpenId
FN:84,messageId2OpenMessageId
FN:109,openMessageId2MessageId
FN:134,departmentId2OpenDepartmentId
FN:159,openDepartmentId2DepartmentId
FN:184,chatId2OpenChatId
FN:209,openChatId2ChatId
FN:234,larkId2EmployeeId
FN:259,employeeId2LarkId
FNF:11
FNH:3
FNDA:2,(anonymous_0)
FNDA:1,openId2LarkId
FNDA:1,larkId2OpenId
FNDA:0,messageId2OpenMessageId
FNDA:0,openMessageId2MessageId
FNDA:0,departmentId2OpenDepartmentId
FNDA:0,openDepartmentId2DepartmentId
FNDA:0,chatId2OpenChatId
FNDA:0,openChatId2ChatId
FNDA:0,larkId2EmployeeId
FNDA:0,employeeId2LarkId
DA:1,1
DA:2,1
DA:27,2
DA:34,1
DA:43,1
DA:45,1
DA:46,1
DA:49,1
DA:56,1
DA:59,1
DA:68,1
DA:70,1
DA:71,1
DA:74,1
DA:81,1
DA:84,1
DA:93,0
DA:95,0
DA:96,0
DA:99,0
DA:106,0
DA:109,1
DA:118,0
DA:120,0
DA:121,0
DA:124,0
DA:131,0
DA:134,1
DA:143,0
DA:145,0
DA:146,0
DA:149,0
DA:156,0
DA:159,1
DA:168,0
DA:170,0
DA:171,0
DA:174,0
DA:181,0
DA:184,1
DA:193,0
DA:195,0
DA:196,0
DA:199,0
DA:206,0
DA:209,1
DA:218,0
DA:220,0
DA:221,0
DA:224,0
DA:231,0
DA:234,1
DA:243,0
DA:245,0
DA:246,0
DA:249,0
DA:256,0
DA:259,1
DA:268,0
DA:270,0
DA:271,0
DA:274,0
DA:281,0
LF:63
LH:23
BRDA:45,0,0,1
BRDA:45,0,1,0
BRDA:70,1,0,1
BRDA:70,1,1,0
BRDA:95,2,0,0
BRDA:95,2,1,0
BRDA:120,3,0,0
BRDA:120,3,1,0
BRDA:145,4,0,0
BRDA:145,4,1,0
BRDA:170,5,0,0
BRDA:170,5,1,0
BRDA:195,6,0,0
BRDA:195,6,1,0
BRDA:220,7,0,0
BRDA:220,7,1,0
BRDA:245,8,0,0
BRDA:245,8,1,0
BRDA:270,9,0,0
BRDA:270,9,1,0
BRF:20
BRH:2
end_of_record
TN:
SF:src/apis/Image.ts
FN:11,uploadImage
FN:46,getImage
FN:78,uploadLocalImage
FN:92,(anonymous_3)
FNF:4
FNH:4
FNDA:3,uploadImage
FNDA:1,getImage
FNDA:2,uploadLocalImage
FNDA:2,(anonymous_3)
DA:1,1
DA:2,1
DA:6,1
DA:7,1
DA:11,1
DA:22,3
DA:23,3
DA:24,3
DA:31,3
DA:32,3
DA:33,3
DA:35,3
DA:43,3
DA:46,1
DA:55,1
DA:57,1
DA:58,1
DA:65,1
DA:71,0
DA:78,1
DA:91,2
DA:92,2
DA:94,1
DA:97,2
DA:99,2
DA:100,3
DA:110,2
DA:112,2
LF:28
LH:27
BRDA:23,0,0,3
BRDA:23,0,1,0
BRDA:57,1,0,1
BRDA:57,1,1,0
BRDA:91,2,0,1
BRDA:91,2,1,1
BRF:6
BRH:4
end_of_record
TN:
SF:src/apis/Message.ts
FN:35,sendMessageBatch
FN:78,sendMessage
FN:114,forwardRichTextMessage
FN:153,sendImageMessage
FN:226,sendRichTextMessage
FN:262,shareChatCard
FN:298,recallMessage
FN:323,readMessage
FN:348,urgentMessage
FN:379,sendCardMessage
FN:423,refreshCardMessage
FNF:11
FNH:1
FNDA:0,sendMessageBatch
FNDA:0,sendMessage
FNDA:0,forwardRichTextMessage
FNDA:0,sendImageMessage
FNDA:0,sendRichTextMessage
FNDA:0,shareChatCard
FNDA:0,recallMessage
FNDA:0,readMessage
FNDA:0,urgentMessage
FNDA:1,sendCardMessage
FNDA:0,refreshCardMessage
DA:1,2
DA:2,2
DA:10,2
DA:35,2
DA:52,0
DA:54,0
DA:55,0
DA:58,0
DA:71,0
DA:78,2
DA:90,0
DA:92,0
DA:93,0
DA:96,0
DA:108,0
DA:114,2
DA:128,0
DA:130,0
DA:131,0
DA:134,0
DA:147,0
DA:153,2
DA:165,0
DA:167,0
DA:168,0
DA:171,0
DA:183,0
DA:226,2
DA:238,0
DA:240,0
DA:241,0
DA:244,0
DA:256,0
DA:262,2
DA:274,0
DA:276,0
DA:277,0
DA:280,0
DA:292,0
DA:298,2
DA:307,0
DA:309,0
DA:310,0
DA:313,0
DA:317,0
DA:323,2
DA:332,0
DA:334,0
DA:335,0
DA:338,0
DA:342,0
DA:348,2
DA:361,0
DA:363,0
DA:364,0
DA:367,0
DA:373,0
DA:379,2
DA:400,1
DA:402,1
DA:403,1
DA:406,1
DA:417,1
DA:423,2
DA:436,0
DA:438,0
DA:439,0
DA:442,0
DA:450,0
LF:69
LH:19
BRDA:54,0,0,0
BRDA:54,0,1,0
BRDA:92,1,0,0
BRDA:92,1,1,0
BRDA:130,2,0,0
BRDA:130,2,1,0
BRDA:167,3,0,0
BRDA:167,3,1,0
BRDA:240,4,0,0
BRDA:240,4,1,0
BRDA:276,5,0,0
BRDA:276,5,1,0
BRDA:309,6,0,0
BRDA:309,6,1,0
BRDA:334,7,0,0
BRDA:334,7,1,0
BRDA:363,8,0,0
BRDA:363,8,1,0
BRDA:387,9,0,1
BRDA:402,10,0,1
BRDA:402,10,1,0
BRDA:438,11,0,0
BRDA:438,11,1,0
BRF:23
BRH:2
end_of_record
TN:
SF:src/apis/OAuth.ts
FN:24,getAppAccessToken
FN:54,getTenantAccessToken
FN:84,getAppTicket
FN:112,getAuth
FN:141,getUserAccessToken
FN:173,refreshUserAccessToken
FN:205,getUserInfo
FNF:7
FNH:1
FNDA:0,getAppAccessToken
FNDA:8,getTenantAccessToken
FNDA:0,getAppTicket
FNDA:0,getAuth
FNDA:0,getUserAccessToken
FNDA:0,refreshUserAccessToken
FNDA:0,getUserInfo
DA:1,8
DA:2,8
DA:24,8
DA:33,0
DA:35,0
DA:36,0
DA:43,0
DA:51,0
DA:54,8
DA:63,8
DA:65,8
DA:66,8
DA:73,8
DA:81,8
DA:84,8
DA:93,0
DA:95,0
DA:96,0
DA:103,0
DA:108,0
DA:112,8
DA:123,0
DA:125,0
DA:126,0
DA:129,0
DA:137,0
DA:141,8
DA:150,0
DA:152,0
DA:153,0
DA:160,0
DA:169,0
DA:173,8
DA:182,0
DA:184,0
DA:185,0
DA:192,0
DA:201,0
DA:205,8
DA:212,0
DA:214,0
DA:215,0
DA:223,0
DA:229,0
LF:44
LH:14
BRDA:35,0,0,0
BRDA:35,0,1,0
BRDA:65,1,0,8
BRDA:65,1,1,0
BRDA:95,2,0,0
BRDA:95,2,1,0
BRDA:125,3,0,0
BRDA:125,3,1,0
BRDA:152,4,0,0
BRDA:152,4,1,0
BRDA:184,5,0,0
BRDA:184,5,1,0
BRDA:214,6,0,0
BRDA:214,6,1,0
BRF:14
BRH:1
end_of_record
TN:
SF:src/apis/User.ts
FN:13,getUserChatId
FN:49,getUserId
FN:80,getBasicUserInfo
FNF:3
FNH:3
FNDA:4,getUserChatId
FNDA:4,getUserId
FNDA:4,getBasicUserInfo
DA:1,2
DA:7,2
DA:13,2
DA:24,4
DA:26,4
DA:27,2
DA:35,4
DA:42,4
DA:49,2
DA:58,4
DA:60,4
DA:61,3
DA:69,4
DA:73,4
DA:80,2
DA:91,4
DA:93,4
DA:94,2
DA:102,4
DA:112,4
LF:20
LH:20
BRDA:26,0,0,2
BRDA:26,0,1,2
BRDA:60,1,0,3
BRDA:60,1,1,1
BRDA:93,2,0,2
BRDA:93,2,1,2
BRF:6
BRH:6
end_of_record
TN:
SF:src/types/Enum.ts
FN:3,(anonymous_0)
FN:18,(anonymous_1)
FN:26,(anonymous_2)
FN:33,(anonymous_3)
FN:43,(anonymous_4)
FN:50,(anonymous_5)
FN:59,(anonymous_6)
FN:65,(anonymous_7)
FN:72,(anonymous_8)
FN:130,(anonymous_9)
FN:143,(anonymous_10)
FN:151,(anonymous_11)
FN:164,(anonymous_12)
FN:172,(anonymous_13)
FN:179,(anonymous_14)
FNF:15
FNH:15
FNDA:2,(anonymous_0)
FNDA:2,(anonymous_1)
FNDA:2,(anonymous_2)
FNDA:2,(anonymous_3)
FNDA:2,(anonymous_4)
FNDA:2,(anonymous_5)
FNDA:2,(anonymous_6)
FNDA:2,(anonymous_7)
FNDA:2,(anonymous_8)
FNDA:2,(anonymous_9)
FNDA:2,(anonymous_10)
FNDA:2,(anonymous_11)
FNDA:2,(anonymous_12)
FNDA:2,(anonymous_13)
FNDA:2,(anonymous_14)
DA:3,2
DA:5,2
DA:7,2
DA:9,2
DA:11,2
DA:13,2
DA:15,2
DA:18,2
DA:19,2
DA:20,2
DA:21,2
DA:26,2
DA:27,2
DA:28,2
DA:29,2
DA:33,2
DA:34,2
DA:35,2
DA:36,2
DA:37,2
DA:38,2
DA:39,2
DA:43,2
DA:44,2
DA:45,2
DA:47,2
DA:50,2
DA:52,2
DA:54,2
DA:59,2
DA:60,2
DA:61,2
DA:62,2
DA:65,2
DA:66,2
DA:67,2
DA:72,2
DA:74,2
DA:76,2
DA:78,2
DA:80,2
DA:82,2
DA:84,2
DA:86,2
DA:87,2
DA:88,2
DA:89,2
DA:90,2
DA:91,2
DA:92,2
DA:94,2
DA:96,2
DA:98,2
DA:100,2
DA:102,2
DA:104,2
DA:106,2
DA:108,2
DA:110,2
DA:112,2
DA:114,2
DA:116,2
DA:118,2
DA:120,2
DA:122,2
DA:124,2
DA:126,2
DA:127,2
DA:130,2
DA:132,2
DA:134,2
DA:136,2
DA:138,2
DA:140,2
DA:143,2
DA:144,2
DA:145,2
DA:146,2
DA:147,2
DA:148,2
DA:151,2
DA:153,2
DA:155,2
DA:157,2
DA:159,2
DA:161,2
DA:164,2
DA:165,2
DA:166,2
DA:167,2
DA:168,2
DA:169,2
DA:172,2
DA:174,2
DA:176,2
DA:179,2
DA:181,2
DA:183,2
DA:185,2
DA:187,2
DA:189,2
LF:101
LH:101
BRDA:3,0,0,2
BRDA:3,0,1,2
BRDA:18,1,0,2
BRDA:18,1,1,2
BRDA:26,2,0,2
BRDA:26,2,1,2
BRDA:33,3,0,2
BRDA:33,3,1,2
BRDA:43,4,0,2
BRDA:43,4,1,2
BRDA:50,5,0,2
BRDA:50,5,1,2
BRDA:59,6,0,2
BRDA:59,6,1,2
BRDA:65,7,0,2
BRDA:65,7,1,2
BRDA:72,8,0,2
BRDA:72,8,1,2
BRDA:130,9,0,2
BRDA:130,9,1,2
BRDA:143,10,0,2
BRDA:143,10,1,2
BRDA:151,11,0,2
BRDA:151,11,1,2
BRDA:164,12,0,2
BRDA:164,12,1,2
BRDA:172,13,0,2
BRDA:172,13,1,2
BRDA:179,14,0,2
BRDA:179,14,1,2
BRF:30
BRH:30
end_of_record
TN:
SF:src/utils/headers.ts
FN:1,(anonymous_0)
FNF:1
FNH:1
FNDA:6,(anonymous_0)
DA:1,4
DA:9,6
DA:13,6
DA:14,6
DA:15,6
DA:18,0
DA:21,4
LF:7
LH:6
BRDA:3,0,0,6
BRDA:13,1,0,6
BRDA:13,1,1,0
BRF:3
BRH:2
end_of_record
